<?xml version="1.0" encoding="UTF-8"?>
<!-- Generated by org.testng.reporters.JUnitReportReporter -->
<testsuite hostname="TYSS-Gowtham" failures="0" tests="1" name="com.myntra_man.testcases.Men" time="11.683" errors="0" timestamp="04 Aug 2022 07:43:58 GMT" skipped="0">
  <testcase classname="com.myntra_man.testcases.Men" name="listOfMenProducts" time="11.683"/>
</testsuite> <!-- com.myntra_man.testcases.Men -->
