<?xml version="1.0" encoding="UTF-8"?>
<!-- Generated by org.testng.reporters.JUnitReportReporter -->
<testsuite hostname="TYSS-Sudhakar" failures="0" tests="1" name="com.booking.genericLib.EndtoEnd" time="139.651" errors="0" timestamp="08 Aug 2022 06:54:59 GMT" skipped="0">
  <testcase classname="com.booking.genericLib.EndtoEnd" name="bookingTicket" time="139.651"/>
</testsuite> <!-- com.booking.genericLib.EndtoEnd -->
