<?xml version="1.0" encoding="UTF-8"?>
<!-- Generated by org.testng.reporters.JUnitReportReporter -->
<testsuite hostname="TYSS-Gowtham" failures="0" tests="1" name="com.myntra_man.testcases.HomeandLiving" time="11.859" errors="0" timestamp="04 Aug 2022 07:43:58 GMT" skipped="0">
  <testcase classname="com.myntra_man.testcases.HomeandLiving" name="listOfHLProducts" time="11.859"/>
</testsuite> <!-- com.myntra_man.testcases.HomeandLiving -->
