<?xml version="1.0" encoding="UTF-8"?>
<!-- Generated by org.testng.reporters.JUnitReportReporter -->
<testsuite hostname="TYSS-Gowtham" failures="0" tests="1" name="com.myntra_man.testcases.MenCategoryUrl" time="125.249" errors="0" timestamp="04 Aug 2022 08:29:18 GMT" skipped="0">
  <testcase classname="com.myntra_man.testcases.MenCategoryUrl" name="listOfMenProUrl" time="125.249"/>
</testsuite> <!-- com.myntra_man.testcases.MenCategoryUrl -->
