<?xml version="1.0" encoding="UTF-8"?>
<!-- Generated by org.testng.reporters.JUnitReportReporter -->
<testsuite hostname="TYSS-Gowtham" failures="0" tests="1" name="com.myntra_man.testcases.WomenCategoryUrl" time="93.219" errors="0" timestamp="04 Aug 2022 08:29:18 GMT" skipped="0">
  <testcase classname="com.myntra_man.testcases.WomenCategoryUrl" name="listOfWomenProUrl" time="93.219"/>
</testsuite> <!-- com.myntra_man.testcases.WomenCategoryUrl -->
