<?xml version="1.0" encoding="UTF-8"?>
<!-- Generated by org.testng.reporters.JUnitReportReporter -->
<testsuite hostname="TYSS-Gowtham" failures="0" tests="1" name="com.myntra_man.testcases.Kids" time="31.215" errors="0" timestamp="04 Aug 2022 07:43:58 GMT" skipped="0">
  <testcase classname="com.myntra_man.testcases.Kids" name="listOfKidsProducts" time="31.215"/>
</testsuite> <!-- com.myntra_man.testcases.Kids -->
